<?xml version="1.0" encoding="UTF-8"?>
<!-- Generated by org.testng.reporters.JUnitReportReporter -->
<testsuite hostname="Simba-PC" name="Webq.Case.CaseWebq" tests="4" failures="0" timestamp="21 Sep 2016 06:10:45 GMT" time="87.541" errors="0">
  <testcase name="TestWebq4" time="0.000" classname="Webq.Case.CaseWebq"/>
  <testcase name="TestWebq1" time="25.617" classname="Webq.Case.CaseWebq"/>
  <testcase name="TestWebq2" time="4.782" classname="Webq.Case.CaseWebq"/>
  <testcase name="TestWebq3" time="57.142" classname="Webq.Case.CaseWebq"/>
</testsuite> <!-- Webq.Case.CaseWebq -->
